{"/Users/mofuhidy/Sites/Microverse/to-Do-list/src/modules/saveData.js": {"path":"/Users/mofuhidy/Sites/Microverse/to-Do-list/src/modules/saveData.js","statementMap":{"0":{"start":{"line":1,"column":17},"end":{"line":3,"column":1}},"1":{"start":{"line":2,"column":2},"end":{"line":2,"column":50}}},"fnMap":{"0":{"name":"(anonymous_0)","decl":{"start":{"line":1,"column":17},"end":{"line":1,"column":18}},"loc":{"start":{"line":1,"column":24},"end":{"line":3,"column":1}},"line":1}},"branchMap":{},"s":{"0":1,"1":2},"f":{"0":2},"b":{},"_coverageSchema":"1a1c01bbd47fc00a2c39e90264f33305004495a9","hash":"35e4e0e42da009eea928f81c42482a0e0dc0953a"}
,"/Users/mofuhidy/Sites/Microverse/to-Do-list/src/modules/tasks.js": {"path":"/Users/mofuhidy/Sites/Microverse/to-Do-list/src/modules/tasks.js","statementMap":{"0":{"start":{"line":3,"column":18},"end":{"line":3,"column":64}},"1":{"start":{"line":5,"column":22},"end":{"line":5,"column":64}},"2":{"start":{"line":6,"column":15},"end":{"line":6,"column":47}},"3":{"start":{"line":10,"column":4},"end":{"line":10,"column":35}},"4":{"start":{"line":11,"column":4},"end":{"line":11,"column":31}},"5":{"start":{"line":12,"column":4},"end":{"line":12,"column":23}},"6":{"start":{"line":15,"column":19},"end":{"line":21,"column":3}},"7":{"start":{"line":16,"column":17},"end":{"line":16,"column":69}},"8":{"start":{"line":17,"column":4},"end":{"line":20,"column":5}},"9":{"start":{"line":18,"column":6},"end":{"line":18,"column":27}},"10":{"start":{"line":19,"column":6},"end":{"line":19,"column":26}},"11":{"start":{"line":23,"column":24},"end":{"line":55,"column":3}},"12":{"start":{"line":24,"column":21},"end":{"line":24,"column":23}},"13":{"start":{"line":25,"column":4},"end":{"line":35,"column":7}},"14":{"start":{"line":26,"column":6},"end":{"line":33,"column":25}},"15":{"start":{"line":34,"column":6},"end":{"line":34,"column":43}},"16":{"start":{"line":37,"column":22},"end":{"line":37,"column":58}},"17":{"start":{"line":38,"column":4},"end":{"line":42,"column":7}},"18":{"start":{"line":39,"column":6},"end":{"line":41,"column":9}},"19":{"start":{"line":40,"column":8},"end":{"line":40,"column":28}},"20":{"start":{"line":45,"column":26},"end":{"line":45,"column":65}},"21":{"start":{"line":47,"column":4},"end":{"line":54,"column":7}},"22":{"start":{"line":48,"column":6},"end":{"line":53,"column":9}},"23":{"start":{"line":49,"column":8},"end":{"line":52,"column":9}},"24":{"start":{"line":50,"column":10},"end":{"line":50,"column":52}},"25":{"start":{"line":51,"column":10},"end":{"line":51,"column":30}},"26":{"start":{"line":57,"column":22},"end":{"line":67,"column":3}},"27":{"start":{"line":58,"column":4},"end":{"line":58,"column":31}},"28":{"start":{"line":60,"column":4},"end":{"line":62,"column":7}},"29":{"start":{"line":61,"column":6},"end":{"line":61,"column":24}},"30":{"start":{"line":64,"column":4},"end":{"line":64,"column":33}},"31":{"start":{"line":65,"column":4},"end":{"line":65,"column":24}},"32":{"start":{"line":66,"column":4},"end":{"line":66,"column":25}},"33":{"start":{"line":76,"column":2},"end":{"line":76,"column":49}},"34":{"start":{"line":77,"column":2},"end":{"line":77,"column":44}},"35":{"start":{"line":78,"column":2},"end":{"line":78,"column":58}},"36":{"start":{"line":79,"column":2},"end":{"line":79,"column":33}},"37":{"start":{"line":83,"column":2},"end":{"line":83,"column":29}},"38":{"start":{"line":87,"column":2},"end":{"line":87,"column":25}},"39":{"start":{"line":88,"column":2},"end":{"line":88,"column":41}},"40":{"start":{"line":89,"column":19},"end":{"line":89,"column":47}},"41":{"start":{"line":90,"column":17},"end":{"line":90,"column":49}},"42":{"start":{"line":91,"column":2},"end":{"line":97,"column":3}},"43":{"start":{"line":92,"column":4},"end":{"line":92,"column":46}},"44":{"start":{"line":93,"column":4},"end":{"line":93,"column":30}},"45":{"start":{"line":95,"column":4},"end":{"line":95,"column":43}},"46":{"start":{"line":96,"column":4},"end":{"line":96,"column":33}},"47":{"start":{"line":101,"column":2},"end":{"line":101,"column":32}},"48":{"start":{"line":102,"column":2},"end":{"line":102,"column":28}},"49":{"start":{"line":103,"column":2},"end":{"line":103,"column":31}},"50":{"start":{"line":107,"column":2},"end":{"line":107,"column":25}},"51":{"start":{"line":108,"column":20},"end":{"line":108,"column":41}},"52":{"start":{"line":109,"column":2},"end":{"line":109,"column":28}},"53":{"start":{"line":111,"column":2},"end":{"line":113,"column":3}},"54":{"start":{"line":112,"column":4},"end":{"line":112,"column":11}},"55":{"start":{"line":115,"column":22},"end":{"line":115,"column":77}},"56":{"start":{"line":115,"column":47},"end":{"line":115,"column":76}},"57":{"start":{"line":116,"column":27},"end":{"line":116,"column":87}},"58":{"start":{"line":116,"column":57},"end":{"line":116,"column":86}},"59":{"start":{"line":117,"column":24},"end":{"line":117,"column":83}},"60":{"start":{"line":117,"column":54},"end":{"line":117,"column":82}},"61":{"start":{"line":119,"column":2},"end":{"line":119,"column":40}},"62":{"start":{"line":120,"column":2},"end":{"line":120,"column":50}},"63":{"start":{"line":122,"column":2},"end":{"line":122,"column":22}},"64":{"start":{"line":123,"column":2},"end":{"line":123,"column":23}},"65":{"start":{"line":127,"column":2},"end":{"line":127,"column":32}},"66":{"start":{"line":128,"column":2},"end":{"line":128,"column":28}},"67":{"start":{"line":129,"column":2},"end":{"line":129,"column":31}},"68":{"start":{"line":130,"column":25},"end":{"line":130,"column":64}},"69":{"start":{"line":131,"column":2},"end":{"line":133,"column":5}},"70":{"start":{"line":132,"column":4},"end":{"line":132,"column":38}},"71":{"start":{"line":137,"column":25},"end":{"line":137,"column":64}},"72":{"start":{"line":138,"column":2},"end":{"line":152,"column":5}},"73":{"start":{"line":139,"column":4},"end":{"line":139,"column":53}},"74":{"start":{"line":140,"column":4},"end":{"line":140,"column":53}},"75":{"start":{"line":141,"column":4},"end":{"line":141,"column":51}},"76":{"start":{"line":142,"column":4},"end":{"line":142,"column":53}},"77":{"start":{"line":143,"column":4},"end":{"line":143,"column":47}},"78":{"start":{"line":144,"column":4},"end":{"line":144,"column":49}},"79":{"start":{"line":146,"column":4},"end":{"line":146,"column":50}},"80":{"start":{"line":147,"column":4},"end":{"line":147,"column":50}},"81":{"start":{"line":148,"column":4},"end":{"line":148,"column":48}},"82":{"start":{"line":149,"column":4},"end":{"line":149,"column":50}},"83":{"start":{"line":150,"column":4},"end":{"line":150,"column":44}},"84":{"start":{"line":151,"column":4},"end":{"line":151,"column":46}}},"fnMap":{"0":{"name":"(anonymous_0)","decl":{"start":{"line":9,"column":2},"end":{"line":9,"column":3}},"loc":{"start":{"line":9,"column":45},"end":{"line":13,"column":3}},"line":9},"1":{"name":"(anonymous_1)","decl":{"start":{"line":15,"column":19},"end":{"line":15,"column":20}},"loc":{"start":{"line":15,"column":25},"end":{"line":21,"column":3}},"line":15},"2":{"name":"(anonymous_2)","decl":{"start":{"line":23,"column":24},"end":{"line":23,"column":25}},"loc":{"start":{"line":23,"column":30},"end":{"line":55,"column":3}},"line":23},"3":{"name":"(anonymous_3)","decl":{"start":{"line":25,"column":22},"end":{"line":25,"column":23}},"loc":{"start":{"line":25,"column":32},"end":{"line":35,"column":5}},"line":25},"4":{"name":"(anonymous_4)","decl":{"start":{"line":38,"column":22},"end":{"line":38,"column":23}},"loc":{"start":{"line":38,"column":37},"end":{"line":42,"column":5}},"line":38},"5":{"name":"(anonymous_5)","decl":{"start":{"line":39,"column":39},"end":{"line":39,"column":40}},"loc":{"start":{"line":39,"column":45},"end":{"line":41,"column":7}},"line":39},"6":{"name":"(anonymous_6)","decl":{"start":{"line":47,"column":26},"end":{"line":47,"column":27}},"loc":{"start":{"line":47,"column":43},"end":{"line":54,"column":5}},"line":47},"7":{"name":"(anonymous_7)","decl":{"start":{"line":48,"column":42},"end":{"line":48,"column":43}},"loc":{"start":{"line":48,"column":48},"end":{"line":53,"column":7}},"line":48},"8":{"name":"(anonymous_8)","decl":{"start":{"line":57,"column":22},"end":{"line":57,"column":23}},"loc":{"start":{"line":57,"column":33},"end":{"line":67,"column":3}},"line":57},"9":{"name":"(anonymous_9)","decl":{"start":{"line":60,"column":22},"end":{"line":60,"column":23}},"loc":{"start":{"line":60,"column":34},"end":{"line":62,"column":5}},"line":60},"10":{"name":"dragStart","decl":{"start":{"line":75,"column":9},"end":{"line":75,"column":18}},"loc":{"start":{"line":75,"column":26},"end":{"line":80,"column":1}},"line":75},"11":{"name":"dragEnter","decl":{"start":{"line":82,"column":9},"end":{"line":82,"column":18}},"loc":{"start":{"line":82,"column":21},"end":{"line":84,"column":1}},"line":82},"12":{"name":"dragOver","decl":{"start":{"line":86,"column":9},"end":{"line":86,"column":17}},"loc":{"start":{"line":86,"column":25},"end":{"line":98,"column":1}},"line":86},"13":{"name":"dragLeave","decl":{"start":{"line":100,"column":9},"end":{"line":100,"column":18}},"loc":{"start":{"line":100,"column":21},"end":{"line":104,"column":1}},"line":100},"14":{"name":"dragDrop","decl":{"start":{"line":106,"column":9},"end":{"line":106,"column":17}},"loc":{"start":{"line":106,"column":25},"end":{"line":124,"column":1}},"line":106},"15":{"name":"(anonymous_15)","decl":{"start":{"line":115,"column":37},"end":{"line":115,"column":38}},"loc":{"start":{"line":115,"column":47},"end":{"line":115,"column":76}},"line":115},"16":{"name":"(anonymous_16)","decl":{"start":{"line":116,"column":47},"end":{"line":116,"column":48}},"loc":{"start":{"line":116,"column":57},"end":{"line":116,"column":86}},"line":116},"17":{"name":"(anonymous_17)","decl":{"start":{"line":117,"column":44},"end":{"line":117,"column":45}},"loc":{"start":{"line":117,"column":54},"end":{"line":117,"column":82}},"line":117},"18":{"name":"dragEnd","decl":{"start":{"line":126,"column":9},"end":{"line":126,"column":16}},"loc":{"start":{"line":126,"column":19},"end":{"line":134,"column":1}},"line":126},"19":{"name":"(anonymous_19)","decl":{"start":{"line":131,"column":25},"end":{"line":131,"column":26}},"loc":{"start":{"line":131,"column":35},"end":{"line":133,"column":3}},"line":131},"20":{"name":"addDragAndDropListeners","decl":{"start":{"line":136,"column":9},"end":{"line":136,"column":32}},"loc":{"start":{"line":136,"column":35},"end":{"line":153,"column":1}},"line":136},"21":{"name":"(anonymous_21)","decl":{"start":{"line":138,"column":25},"end":{"line":138,"column":26}},"loc":{"start":{"line":138,"column":35},"end":{"line":152,"column":3}},"line":138}},"branchMap":{"0":{"loc":{"start":{"line":3,"column":18},"end":{"line":3,"column":64}},"type":"binary-expr","locations":[{"start":{"line":3,"column":18},"end":{"line":3,"column":58}},{"start":{"line":3,"column":62},"end":{"line":3,"column":64}}],"line":3},"1":{"loc":{"start":{"line":17,"column":4},"end":{"line":20,"column":5}},"type":"if","locations":[{"start":{"line":17,"column":4},"end":{"line":20,"column":5}},{"start":{},"end":{}}],"line":17},"2":{"loc":{"start":{"line":28,"column":75},"end":{"line":28,"column":115}},"type":"cond-expr","locations":[{"start":{"line":28,"column":101},"end":{"line":28,"column":110}},{"start":{"line":28,"column":113},"end":{"line":28,"column":115}}],"line":28},"3":{"loc":{"start":{"line":30,"column":63},"end":{"line":30,"column":97}},"type":"cond-expr","locations":[{"start":{"line":30,"column":81},"end":{"line":30,"column":83}},{"start":{"line":30,"column":86},"end":{"line":30,"column":97}}],"line":30},"4":{"loc":{"start":{"line":49,"column":8},"end":{"line":52,"column":9}},"type":"if","locations":[{"start":{"line":49,"column":8},"end":{"line":52,"column":9}},{"start":{},"end":{}}],"line":49},"5":{"loc":{"start":{"line":91,"column":2},"end":{"line":97,"column":3}},"type":"if","locations":[{"start":{"line":91,"column":2},"end":{"line":97,"column":3}},{"start":{"line":94,"column":9},"end":{"line":97,"column":3}}],"line":91},"6":{"loc":{"start":{"line":111,"column":2},"end":{"line":113,"column":3}},"type":"if","locations":[{"start":{"line":111,"column":2},"end":{"line":113,"column":3}},{"start":{},"end":{}}],"line":111}},"s":{"0":1,"1":1,"2":1,"3":1,"4":1,"5":1,"6":1,"7":0,"8":0,"9":0,"10":0,"11":1,"12":0,"13":0,"14":0,"15":0,"16":0,"17":0,"18":0,"19":0,"20":0,"21":0,"22":0,"23":0,"24":0,"25":0,"26":1,"27":0,"28":0,"29":0,"30":0,"31":0,"32":0,"33":0,"34":0,"35":0,"36":0,"37":0,"38":0,"39":0,"40":0,"41":0,"42":0,"43":0,"44":0,"45":0,"46":0,"47":0,"48":0,"49":0,"50":0,"51":0,"52":0,"53":0,"54":0,"55":0,"56":0,"57":0,"58":0,"59":0,"60":0,"61":0,"62":0,"63":0,"64":0,"65":0,"66":0,"67":0,"68":0,"69":0,"70":0,"71":0,"72":0,"73":0,"74":0,"75":0,"76":0,"77":0,"78":0,"79":0,"80":0,"81":0,"82":0,"83":0,"84":0},"f":{"0":1,"1":0,"2":0,"3":0,"4":0,"5":0,"6":0,"7":0,"8":0,"9":0,"10":0,"11":0,"12":0,"13":0,"14":0,"15":0,"16":0,"17":0,"18":0,"19":0,"20":0,"21":0},"b":{"0":[1,1],"1":[0,0],"2":[0,0],"3":[0,0],"4":[0,0],"5":[0,0],"6":[0,0]},"_coverageSchema":"1a1c01bbd47fc00a2c39e90264f33305004495a9","hash":"857a63ca9c10e959865058051e6437ae5debf889"}
}
